Traceback (most recent call last):
  File "C:\Users\Work\anaconda3\lib\site-packages\jupyter_cache\executors\utils.py", line 51, in single_nb_execution
    executenb(
  File "C:\Users\Work\anaconda3\lib\site-packages\nbclient\client.py", line 1112, in execute
    return NotebookClient(nb=nb, resources=resources, km=km, **kwargs).execute()
  File "C:\Users\Work\anaconda3\lib\site-packages\nbclient\util.py", line 74, in wrapped
    return just_run(coro(*args, **kwargs))
  File "C:\Users\Work\anaconda3\lib\site-packages\nbclient\util.py", line 53, in just_run
    return loop.run_until_complete(coro)
  File "C:\Users\Work\anaconda3\lib\asyncio\base_events.py", line 616, in run_until_complete
    return future.result()
  File "C:\Users\Work\anaconda3\lib\site-packages\nbclient\client.py", line 553, in async_execute
    await self.async_execute_cell(
  File "C:\Users\Work\anaconda3\lib\site-packages\nbclient\client.py", line 857, in async_execute_cell
    self._check_raise_for_error(cell, exec_reply)
  File "C:\Users\Work\anaconda3\lib\site-packages\nbclient\client.py", line 760, in _check_raise_for_error
    raise CellExecutionError.from_cell_and_msg(cell, exec_reply_content)
nbclient.exceptions.CellExecutionError: An error occurred while executing the following cell:
------------------
header = (["Model", "Estimator", "Std. Error", "lower bound CI", "upper bound CI"])
pretty_table(table_1_pandas; backend = Val(:html), header = header, formatters=ft_round(6), alignment=:c)
------------------

TypeError: in keyword argument backend, expected Union{Nothing, Symbol}, got a value of type Val{:html}

Stacktrace:
 [1] _pretty_table(io::IJulia.IJuliaStdio{Base.PipeEndpoint}, data::DataFrame, header::Vector{String}; kwargs::Base.Pairs{Symbol, Any, NTuple{4, Symbol}, NamedTuple{(:backend, :header, :formatters, :alignment), Tuple{Val{:html}, Vector{String}, PrettyTables.var"#36#38"{Vector{Int64}}, Symbol}}})
   @ PrettyTables C:\Users\Work\.julia\packages\PrettyTables\ayuQh\src\private.jl:357
 [2] #pretty_table#46
   @ C:\Users\Work\.julia\packages\PrettyTables\ayuQh\src\print.jl:718 [inlined]
 [3] top-level scope
   @ In[20]:2
 [4] eval
   @ .\boot.jl:373 [inlined]
 [5] include_string(mapexpr::typeof(REPL.softscope), mod::Module, code::String, filename::String)
   @ Base .\loading.jl:1196
LoadError: TypeError: in keyword argument backend, expected Union{Nothing, Symbol}, got a value of type Val{:html}

