Traceback (most recent call last):
  File "C:\Users\Work\anaconda3\lib\site-packages\jupyter_cache\executors\utils.py", line 51, in single_nb_execution
    executenb(
  File "C:\Users\Work\anaconda3\lib\site-packages\nbclient\client.py", line 1112, in execute
    return NotebookClient(nb=nb, resources=resources, km=km, **kwargs).execute()
  File "C:\Users\Work\anaconda3\lib\site-packages\nbclient\util.py", line 74, in wrapped
    return just_run(coro(*args, **kwargs))
  File "C:\Users\Work\anaconda3\lib\site-packages\nbclient\util.py", line 53, in just_run
    return loop.run_until_complete(coro)
  File "C:\Users\Work\anaconda3\lib\asyncio\base_events.py", line 616, in run_until_complete
    return future.result()
  File "C:\Users\Work\anaconda3\lib\site-packages\nbclient\client.py", line 553, in async_execute
    await self.async_execute_cell(
  File "C:\Users\Work\anaconda3\lib\site-packages\nbclient\client.py", line 857, in async_execute_cell
    self._check_raise_for_error(cell, exec_reply)
  File "C:\Users\Work\anaconda3\lib\site-packages\nbclient\client.py", line 760, in _check_raise_for_error
    raise CellExecutionError.from_cell_and_msg(cell, exec_reply_content)
nbclient.exceptions.CellExecutionError: An error occurred while executing the following cell:
------------------
# Running the following lines takes aprox. 10 minutes (depends on your CPU)

example = DataFrame(CountyCode = data[:,"CountyCode"]);
rdata = DataFrame(CountyCode = data[:,"CountyCode"]);

for i in 1:size(varlis,1)
    rdata[!,varlis[i]]= residuals(lm(term(Symbol(varlis[i])) ~ sum(term.(Symbol.(year))) + sum(term.(Symbol.(fixed))), data))
end
------------------

MethodError: no method matching zero(::Type{Term})
[0mClosest candidates are:
[0m  zero([91m::Union{Type{P}, P}[39m) where P<:Dates.Period at C:\Users\Work\AppData\Local\Programs\Julia-1.7.3\share\julia\stdlib\v1.7\Dates\src\periods.jl:53
[0m  zero([91m::T[39m) where T<:Dates.TimeType at C:\Users\Work\AppData\Local\Programs\Julia-1.7.3\share\julia\stdlib\v1.7\Dates\src\types.jl:450
[0m  zero([91m::FillArrays.Fill{T, N}[39m) where {T, N} at C:\Users\Work\.julia\packages\FillArrays\VLeUk\src\FillArrays.jl:541
[0m  ...

Stacktrace:
  [1] reduce_empty(#unused#::typeof(+), #unused#::Type{Term})
    @ Base .\reduce.jl:313
  [2] reduce_empty(#unused#::typeof(Base.add_sum), #unused#::Type{Term})
    @ Base .\reduce.jl:322
  [3] mapreduce_empty(#unused#::typeof(identity), op::Function, T::Type)
    @ Base .\reduce.jl:345
  [4] reduce_empty(op::Base.MappingRF{typeof(identity), typeof(Base.add_sum)}, #unused#::Type{Term})
    @ Base .\reduce.jl:331
  [5] reduce_empty_iter
    @ .\reduce.jl:357 [inlined]
  [6] mapreduce_empty_iter(f::Function, op::Function, itr::Vector{Term}, ItrEltype::Base.HasEltype)
    @ Base .\reduce.jl:353
  [7] _mapreduce(f::typeof(identity), op::typeof(Base.add_sum), #unused#::IndexLinear, A::Vector{Term})
    @ Base .\reduce.jl:402
  [8] _mapreduce_dim
    @ .\reducedim.jl:330 [inlined]
  [9] #mapreduce#731
    @ .\reducedim.jl:322 [inlined]
 [10] mapreduce
    @ .\reducedim.jl:322 [inlined]
 [11] #_sum#741
    @ .\reducedim.jl:894 [inlined]
 [12] _sum
    @ .\reducedim.jl:894 [inlined]
 [13] #_sum#740
    @ .\reducedim.jl:893 [inlined]
 [14] _sum
    @ .\reducedim.jl:893 [inlined]
 [15] #sum#738
    @ .\reducedim.jl:889 [inlined]
 [16] sum(a::Vector{Term})
    @ Base .\reducedim.jl:889
 [17] top-level scope
    @ .\In[11]:7
 [18] eval
    @ .\boot.jl:373 [inlined]
 [19] include_string(mapexpr::typeof(REPL.softscope), mod::Module, code::String, filename::String)
    @ Base .\loading.jl:1196
LoadError: MethodError: no method matching zero(::Type{Term})
[0mClosest candidates are:
[0m  zero([91m::Union{Type{P}, P}[39m) where P<:Dates.Period at C:\Users\Work\AppData\Local\Programs\Julia-1.7.3\share\julia\stdlib\v1.7\Dates\src\periods.jl:53
[0m  zero([91m::T[39m) where T<:Dates.TimeType at C:\Users\Work\AppData\Local\Programs\Julia-1.7.3\share\julia\stdlib\v1.7\Dates\src\types.jl:450
[0m  zero([91m::FillArrays.Fill{T, N}[39m) where {T, N} at C:\Users\Work\.julia\packages\FillArrays\VLeUk\src\FillArrays.jl:541
[0m  ...

